<?xml version="1.0" encoding="UTF-8"?>
<!-- Generated by org.testng.reporters.JUnitXMLReporter -->
<testsuite ignored="0" hostname="DESKTOP-9O5MQMQ" failures="1" tests="5" name="FirefoxTest" time="81.442" errors="0" timestamp="2024-11-01T16:34:12 IST">
  <testcase classname="com.eva.AutomationPractice.ScrollupDownTestScript" name="ScrollupDownwithoutarrow" time="0.265">
    <skipped/>
  </testcase> <!-- ScrollupDownwithoutarrow -->
  <testcase classname="com.eva.AutomationPractice.ScrollupDownTestScript" name="ScrollupDown" time="0.72"/>
  <testcase classname="com.eva.AutomationPractice.ScrollupDownTestScript" name="ScrollupDownwithoutarrow" time="0.131">
    <skipped/>
  </testcase> <!-- ScrollupDownwithoutarrow -->
  <testcase classname="com.eva.AutomationPractice.ScrollupDownTestScript" name="ScrollupDownwithoutarrow" time="0.105">
    <skipped/>
  </testcase> <!-- ScrollupDownwithoutarrow -->
  <testcase classname="com.eva.AutomationPractice.ScrollupDownTestScript" name="ScrollupDownwithoutarrow" time="0.197">
    <failure type="org.openqa.selenium.interactions.MoveTargetOutOfBoundsException" message="Move target (341, 3896) is out of bounds of viewport dimensions (1366, 635)
Build info: version: &amp;apos;4.20.0&amp;apos;, revision: &amp;apos;866c76ca80&amp;apos;
System info: os.name: &amp;apos;Windows 11&amp;apos;, os.arch: &amp;apos;amd64&amp;apos;, os.version: &amp;apos;10.0&amp;apos;, java.version: &amp;apos;23.0.1&amp;apos;
Driver info: org.openqa.selenium.firefox.FirefoxDriver
Command: [8a5cabd8-55a7-43a4-95c9-65847d12d821, actions {actions=[org.openqa.selenium.interactions.Sequence@2391d27]}]
Capabilities {acceptInsecureCerts: true, browserName: firefox, browserVersion: 132.0, moz:accessibilityChecks: false, moz:buildID: 20241021175835, moz:geckodriverVersion: 0.35.0, moz:headless: false, moz:platformVersion: 10.0, moz:processID: 7928, moz:profile: C:\Users\BHUPES~1\AppData\L..., moz:shutdownTimeout: 60000, moz:webdriverClick: true, moz:windowless: false, pageLoadStrategy: normal, platformName: windows, proxy: Proxy(), setWindowRect: true, strictFileInteractability: false, timeouts: {implicit: 0, pageLoad: 300000, script: 30000}, unhandledPromptBehavior: dismiss and notify, userAgent: Mozilla/5.0 (Windows NT 10....}
Session ID: 8a5cabd8-55a7-43a4-95c9-65847d12d821">
      <![CDATA[org.openqa.selenium.interactions.MoveTargetOutOfBoundsException: Move target (341, 3896) is out of bounds of viewport dimensions (1366, 635)
Build info: version: '4.20.0', revision: '866c76ca80'
System info: os.name: 'Windows 11', os.arch: 'amd64', os.version: '10.0', java.version: '23.0.1'
Driver info: org.openqa.selenium.firefox.FirefoxDriver
Command: [8a5cabd8-55a7-43a4-95c9-65847d12d821, actions {actions=[org.openqa.selenium.interactions.Sequence@2391d27]}]
Capabilities {acceptInsecureCerts: true, browserName: firefox, browserVersion: 132.0, moz:accessibilityChecks: false, moz:buildID: 20241021175835, moz:geckodriverVersion: 0.35.0, moz:headless: false, moz:platformVersion: 10.0, moz:processID: 7928, moz:profile: C:\Users\BHUPES~1\AppData\L..., moz:shutdownTimeout: 60000, moz:webdriverClick: true, moz:windowless: false, pageLoadStrategy: normal, platformName: windows, proxy: Proxy(), setWindowRect: true, strictFileInteractability: false, timeouts: {implicit: 0, pageLoad: 300000, script: 30000}, unhandledPromptBehavior: dismiss and notify, userAgent: Mozilla/5.0 (Windows NT 10....}
Session ID: 8a5cabd8-55a7-43a4-95c9-65847d12d821
at org.openqa.selenium.remote.ErrorCodec.decode(ErrorCodec.java:167)
at org.openqa.selenium.remote.codec.w3c.W3CHttpResponseCodec.decode(W3CHttpResponseCodec.java:138)
at org.openqa.selenium.remote.codec.w3c.W3CHttpResponseCodec.decode(W3CHttpResponseCodec.java:50)
at org.openqa.selenium.remote.HttpCommandExecutor.execute(HttpCommandExecutor.java:190)
at org.openqa.selenium.remote.service.DriverCommandExecutor.invokeExecute(DriverCommandExecutor.java:216)
at org.openqa.selenium.remote.service.DriverCommandExecutor.execute(DriverCommandExecutor.java:174)
at org.openqa.selenium.remote.RemoteWebDriver.execute(RemoteWebDriver.java:518)
at org.openqa.selenium.remote.RemoteWebDriver.perform(RemoteWebDriver.java:604)
at org.openqa.selenium.interactions.Actions$BuiltAction.perform(Actions.java:603)
at com.evs.vtiger.utils.KishanWebUtil.ActionsScroll(KishanWebUtil.java:782)
at verifyscrollupAndDownusingArrow.ScrollUpAndDownUsingArrowClass.scrollupDownwithoutarrow(ScrollUpAndDownUsingArrowClass.java:25)
at com.eva.AutomationPractice.ScrollupDownTestScript.ScrollupDownwithoutarrow(ScrollupDownTestScript.java:30)
at java.base/java.util.concurrent.ThreadPoolExecutor.runWorker(ThreadPoolExecutor.java:1144)
at java.base/java.util.concurrent.ThreadPoolExecutor$Worker.run(ThreadPoolExecutor.java:642)
at java.base/java.lang.Thread.run(Thread.java:1575)
... Removed 13 stack frames]]>
    </failure>
  </testcase> <!-- ScrollupDownwithoutarrow -->
</testsuite> <!-- FirefoxTest -->
