<?xml version="1.0" encoding="UTF-8"?>
<!-- Generated by org.testng.reporters.JUnitReportReporter -->
<testsuite hostname="GGINITLP15YH344" failures="0" tests="1" name="com.sms.PagebuilderTestCaseLayer.PageBuilderTestScript" time="6.780" errors="0" timestamp="2025-08-31T10:56:49 IST" skipped="0">
  <testcase classname="com.sms.PagebuilderTestCaseLayer.PageBuilderTestScript" name="verifydefaultPropertyofTextfieldcomponent" time="6.780"/>
</testsuite> <!-- com.sms.PagebuilderTestCaseLayer.PageBuilderTestScript -->
