<?xml version="1.0" encoding="UTF-8"?>
<!-- Generated by org.testng.reporters.JUnitReportReporter -->
<testsuite hostname="DESKTOP-9O5MQMQ" failures="0" tests="2" name="com.eva.AutomationPractice.ScrollupDownTestScript" time="9.201" errors="0" timestamp="2024-11-14T22:42:23 IST" skipped="0">
  <testcase classname="com.eva.AutomationPractice.ScrollupDownTestScript" name="ScrollupDownwithoutarrow" time="4.389"/>
  <testcase classname="com.eva.AutomationPractice.ScrollupDownTestScript" name="ScrollupDown" time="4.812"/>
</testsuite> <!-- com.eva.AutomationPractice.ScrollupDownTestScript -->
