<?xml version="1.0" encoding="UTF-8"?>
<!-- Generated by org.testng.reporters.JUnitReportReporter -->
<testsuite hostname="GGINITLP15YH344" failures="0" tests="2" name="com.sms.PagebuilderLayer.PageBuilder" time="13.285" errors="0" timestamp="2025-07-25T17:47:57 IST" skipped="1">
  <testcase classname="com.sms.PagebuilderLayer.PageBuilder" name="verifyCheckDefaultPropertyOfTextFieldComponent" time="13.285"/>
  <testcase classname="com.sms.PagebuilderLayer.PageBuilder" name="verifypagebuilder">
    <skipped/>
  </testcase> <!-- verifypagebuilder -->
</testsuite> <!-- com.sms.PagebuilderLayer.PageBuilder -->
