<?xml version="1.0" encoding="UTF-8"?>
<!-- Generated by org.testng.reporters.JUnitReportReporter -->
<testsuite hostname="DESKTOP-9O5MQMQ" failures="0" tests="2" name="com.evs.vtiger.testScript.BaseClass2" time="24.577" errors="0" timestamp="2024-10-26T18:21:23 IST" skipped="0">
  <testcase classname="com.evs.vtiger.testScript.BaseClass2" name="loginTest" time="12.131"/>
  <testcase classname="com.evs.vtiger.testScript.BaseClass2" name="loginTest" time="12.446"/>
</testsuite> <!-- com.evs.vtiger.testScript.BaseClass2 -->
