<?xml version="1.0" encoding="UTF-8"?>
<!-- Generated by org.testng.reporters.JUnitReportReporter -->
<testsuite hostname="DESKTOP-9O5MQMQ" failures="0" tests="1" name="com.eva.AutomationPractice.AddReveiwOnProductTestScript" time="10.506" errors="0" timestamp="2024-11-14T22:42:23 IST" skipped="0">
  <testcase classname="com.eva.AutomationPractice.AddReveiwOnProductTestScript" name="verifyAddReviewOnProuduct" time="10.506"/>
</testsuite> <!-- com.eva.AutomationPractice.AddReveiwOnProductTestScript -->
